mktexpk --mfmode / --bdpi 600 --mag 0+420/600 --dpi 420 ptmb8r
mktexpk --mfmode / --bdpi 600 --mag 0+420/600 --dpi 420 ptmri8r
mktexpk --mfmode / --bdpi 600 --mag 0+420/600 --dpi 420 ptmr8r
mktexpk --mfmode / --bdpi 600 --mag 0+390/600 --dpi 390 ptmr8r
mktexpk --mfmode / --bdpi 600 --mag 0+480/600 --dpi 480 pcrb8r
mktexpk --mfmode / --bdpi 600 --mag 0+480/600 --dpi 480 pcrr8r
mktexpk --mfmode / --bdpi 600 --mag 0+480/600 --dpi 480 phvbo8r
mktexpk --mfmode / --bdpi 600 --mag 0+480/600 --dpi 480 ptmbi8r
mktexpk --mfmode / --bdpi 600 --mag 0+480/600 --dpi 480 ptmri8r
mktexpk --mfmode / --bdpi 600 --mag 1+0/600 --dpi 600 ptmb8r
mktexpk --mfmode / --bdpi 600 --mag 0+420/600 --dpi 420 phvr8r
mktexpk --mfmode / --bdpi 600 --mag 0+540/600 --dpi 540 ptmri8r
mktexpk --mfmode / --bdpi 600 --mag 0+540/600 --dpi 540 ptmb8r
mktexpk --mfmode / --bdpi 600 --mag 1+0/600 --dpi 600 phvb8r
mktexpk --mfmode / --bdpi 600 --mag 0+480/600 --dpi 480 phvb8r
mktexpk --mfmode / --bdpi 600 --mag 0+360/600 --dpi 360 ptmr8r
mktexpk --mfmode / --bdpi 600 --mag 0+480/600 --dpi 480 phvr8r
mktexpk --mfmode / --bdpi 600 --mag 1+0/600 --dpi 600 phvr8r
mktexpk --mfmode / --bdpi 600 --mag 1+180/600 --dpi 780 phvr8r
mktexpk --mfmode / --bdpi 600 --mag 1+360/600 --dpi 960 phvb8r
mktexpk --mfmode / --bdpi 600 --mag 0+540/600 --dpi 540 phvb8r
mktexpk --mfmode / --bdpi 600 --mag 0+480/600 --dpi 480 ptmb8r
mktexpk --mfmode / --bdpi 600 --mag 0+480/600 --dpi 480 ptmr8r
mktexpk --mfmode / --bdpi 600 --mag 0+480/600 --dpi 480 phvro8r
mktexpk --mfmode / --bdpi 600 --mag 1+540/600 --dpi 1140 phvbo8r
mktexpk --mfmode / --bdpi 600 --mag 0+540/600 --dpi 540 ptmr8r
mktexpk --mfmode / --bdpi 600 --mag 0+420/600 --dpi 420 ptmb8r
mktexpk --mfmode / --bdpi 600 --mag 0+420/600 --dpi 420 ptmri8r
mktexpk --mfmode / --bdpi 600 --mag 0+540/600 --dpi 540 ptmb8r
mktexpk --mfmode / --bdpi 600 --mag 0+420/600 --dpi 420 ptmr8r
mktexpk --mfmode / --bdpi 600 --mag 0+480/600 --dpi 480 pcrr8r
mktexpk --mfmode / --bdpi 600 --mag 0+480/600 --dpi 480 phvbo8r
mktexpk --mfmode / --bdpi 600 --mag 0+480/600 --dpi 480 ptmri8r
mktexpk --mfmode / --bdpi 600 --mag 0+480/600 --dpi 480 ptmb8r
mktexpk --mfmode / --bdpi 600 --mag 0+420/600 --dpi 420 phvr8r
mktexpk --mfmode / --bdpi 600 --mag 0+540/600 --dpi 540 ptmri8r
mktexpk --mfmode / --bdpi 600 --mag 1+0/600 --dpi 600 phvb8r
mktexpk --mfmode / --bdpi 600 --mag 0+480/600 --dpi 480 phvb8r
mktexpk --mfmode / --bdpi 600 --mag 0+360/600 --dpi 360 ptmr8r
mktexpk --mfmode / --bdpi 600 --mag 0+480/600 --dpi 480 ptmr8r
mktexpk --mfmode / --bdpi 600 --mag 0+480/600 --dpi 480 phvr8r
mktexpk --mfmode / --bdpi 600 --mag 1+0/600 --dpi 600 phvr8r
mktexpk --mfmode / --bdpi 600 --mag 1+180/600 --dpi 780 phvr8r
mktexpk --mfmode / --bdpi 600 --mag 1+360/600 --dpi 960 phvb8r
mktexpk --mfmode / --bdpi 600 --mag 0+540/600 --dpi 540 phvb8r
mktexpk --mfmode / --bdpi 600 --mag 0+480/600 --dpi 480 phvro8r
mktexpk --mfmode / --bdpi 600 --mag 1+540/600 --dpi 1140 phvbo8r
mktexpk --mfmode / --bdpi 600 --mag 0+540/600 --dpi 540 ptmr8r
mktexpk --mfmode / --bdpi 600 --mag 0+420/600 --dpi 420 ptmb8r
mktexpk --mfmode / --bdpi 600 --mag 0+420/600 --dpi 420 ptmri8r
mktexpk --mfmode / --bdpi 600 --mag 0+420/600 --dpi 420 ptmr8r
mktexpk --mfmode / --bdpi 600 --mag 0+390/600 --dpi 390 ptmr8r
mktexpk --mfmode / --bdpi 600 --mag 0+480/600 --dpi 480 pcrb8r
mktexpk --mfmode / --bdpi 600 --mag 0+480/600 --dpi 480 pcrr8r
mktexpk --mfmode / --bdpi 600 --mag 0+480/600 --dpi 480 phvbo8r
mktexpk --mfmode / --bdpi 600 --mag 0+480/600 --dpi 480 ptmbi8r
mktexpk --mfmode / --bdpi 600 --mag 0+480/600 --dpi 480 ptmri8r
mktexpk --mfmode / --bdpi 600 --mag 1+0/600 --dpi 600 ptmb8r
mktexpk --mfmode / --bdpi 600 --mag 0+420/600 --dpi 420 phvr8r
mktexpk --mfmode / --bdpi 600 --mag 0+540/600 --dpi 540 ptmri8r
mktexpk --mfmode / --bdpi 600 --mag 0+540/600 --dpi 540 ptmb8r
mktexpk --mfmode / --bdpi 600 --mag 1+0/600 --dpi 600 phvb8r
mktexpk --mfmode / --bdpi 600 --mag 0+480/600 --dpi 480 phvb8r
mktexpk --mfmode / --bdpi 600 --mag 0+360/600 --dpi 360 ptmr8r
mktexpk --mfmode / --bdpi 600 --mag 0+480/600 --dpi 480 phvr8r
mktexpk --mfmode / --bdpi 600 --mag 1+0/600 --dpi 600 phvr8r
mktexpk --mfmode / --bdpi 600 --mag 1+180/600 --dpi 780 phvr8r
mktexpk --mfmode / --bdpi 600 --mag 1+360/600 --dpi 960 phvb8r
mktexpk --mfmode / --bdpi 600 --mag 0+540/600 --dpi 540 phvb8r
mktexpk --mfmode / --bdpi 600 --mag 0+480/600 --dpi 480 ptmb8r
mktexpk --mfmode / --bdpi 600 --mag 0+480/600 --dpi 480 ptmr8r
mktexpk --mfmode / --bdpi 600 --mag 0+480/600 --dpi 480 phvro8r
mktexpk --mfmode / --bdpi 600 --mag 1+540/600 --dpi 1140 phvbo8r
mktexpk --mfmode / --bdpi 600 --mag 0+540/600 --dpi 540 ptmr8r
mktexpk --mfmode / --bdpi 600 --mag 0+420/600 --dpi 420 ptmb8r
mktexpk --mfmode / --bdpi 600 --mag 0+420/600 --dpi 420 ptmri8r
mktexpk --mfmode / --bdpi 600 --mag 0+540/600 --dpi 540 ptmb8r
mktexpk --mfmode / --bdpi 600 --mag 0+420/600 --dpi 420 ptmr8r
mktexpk --mfmode / --bdpi 600 --mag 0+480/600 --dpi 480 pcrr8r
mktexpk --mfmode / --bdpi 600 --mag 0+480/600 --dpi 480 phvbo8r
mktexpk --mfmode / --bdpi 600 --mag 0+480/600 --dpi 480 ptmb8r
mktexpk --mfmode / --bdpi 600 --mag 0+480/600 --dpi 480 ptmri8r
mktexpk --mfmode / --bdpi 600 --mag 1+0/600 --dpi 600 ptmb8r
mktexpk --mfmode / --bdpi 600 --mag 0+420/600 --dpi 420 phvr8r
mktexpk --mfmode / --bdpi 600 --mag 0+540/600 --dpi 540 ptmri8r
mktexpk --mfmode / --bdpi 600 --mag 1+0/600 --dpi 600 phvb8r
mktexpk --mfmode / --bdpi 600 --mag 0+480/600 --dpi 480 phvb8r
mktexpk --mfmode / --bdpi 600 --mag 0+360/600 --dpi 360 ptmr8r
mktexpk --mfmode / --bdpi 600 --mag 0+480/600 --dpi 480 ptmr8r
mktexpk --mfmode / --bdpi 600 --mag 0+480/600 --dpi 480 phvr8r
mktexpk --mfmode / --bdpi 600 --mag 1+0/600 --dpi 600 phvr8r
mktexpk --mfmode / --bdpi 600 --mag 1+180/600 --dpi 780 phvr8r
mktexpk --mfmode / --bdpi 600 --mag 1+360/600 --dpi 960 phvb8r
mktexpk --mfmode / --bdpi 600 --mag 0+540/600 --dpi 540 phvb8r
mktexpk --mfmode / --bdpi 600 --mag 0+480/600 --dpi 480 phvro8r
mktexpk --mfmode / --bdpi 600 --mag 1+540/600 --dpi 1140 phvbo8r
mktexpk --mfmode / --bdpi 600 --mag 0+540/600 --dpi 540 ptmr8r
mktexpk --mfmode / --bdpi 600 --mag 0+420/600 --dpi 420 ptmb8r
mktexpk --mfmode / --bdpi 600 --mag 0+420/600 --dpi 420 ptmri8r
mktexpk --mfmode / --bdpi 600 --mag 0+540/600 --dpi 540 ptmb8r
mktexpk --mfmode / --bdpi 600 --mag 0+420/600 --dpi 420 ptmr8r
mktexpk --mfmode / --bdpi 600 --mag 0+480/600 --dpi 480 pcrr8r
mktexpk --mfmode / --bdpi 600 --mag 0+480/600 --dpi 480 phvbo8r
mktexpk --mfmode / --bdpi 600 --mag 0+480/600 --dpi 480 ptmb8r
mktexpk --mfmode / --bdpi 600 --mag 0+480/600 --dpi 480 ptmri8r
mktexpk --mfmode / --bdpi 600 --mag 1+0/600 --dpi 600 ptmb8r
mktexpk --mfmode / --bdpi 600 --mag 0+420/600 --dpi 420 phvr8r
mktexpk --mfmode / --bdpi 600 --mag 0+540/600 --dpi 540 ptmri8r
mktexpk --mfmode / --bdpi 600 --mag 1+0/600 --dpi 600 phvb8r
mktexpk --mfmode / --bdpi 600 --mag 0+480/600 --dpi 480 phvb8r
mktexpk --mfmode / --bdpi 600 --mag 0+360/600 --dpi 360 ptmr8r
mktexpk --mfmode / --bdpi 600 --mag 0+480/600 --dpi 480 ptmr8r
mktexpk --mfmode / --bdpi 600 --mag 0+480/600 --dpi 480 phvr8r
mktexpk --mfmode / --bdpi 600 --mag 1+0/600 --dpi 600 phvr8r
mktexpk --mfmode / --bdpi 600 --mag 1+180/600 --dpi 780 phvr8r
mktexpk --mfmode / --bdpi 600 --mag 1+360/600 --dpi 960 phvb8r
mktexpk --mfmode / --bdpi 600 --mag 0+540/600 --dpi 540 phvb8r
mktexpk --mfmode / --bdpi 600 --mag 0+480/600 --dpi 480 phvro8r
mktexpk --mfmode / --bdpi 600 --mag 1+540/600 --dpi 1140 phvbo8r
mktexpk --mfmode / --bdpi 600 --mag 0+540/600 --dpi 540 ptmr8r
mktexpk --mfmode / --bdpi 600 --mag 0+420/600 --dpi 420 ptmb8r
mktexpk --mfmode / --bdpi 600 --mag 0+420/600 --dpi 420 ptmri8r
mktexpk --mfmode / --bdpi 600 --mag 0+540/600 --dpi 540 ptmb8r
mktexpk --mfmode / --bdpi 600 --mag 0+420/600 --dpi 420 ptmr8r
mktexpk --mfmode / --bdpi 600 --mag 0+480/600 --dpi 480 phvbo8r
mktexpk --mfmode / --bdpi 600 --mag 0+480/600 --dpi 480 ptmb8r
mktexpk --mfmode / --bdpi 600 --mag 0+480/600 --dpi 480 ptmri8r
mktexpk --mfmode / --bdpi 600 --mag 1+0/600 --dpi 600 ptmb8r
mktexpk --mfmode / --bdpi 600 --mag 0+420/600 --dpi 420 phvr8r
mktexpk --mfmode / --bdpi 600 --mag 0+540/600 --dpi 540 ptmri8r
mktexpk --mfmode / --bdpi 600 --mag 1+0/600 --dpi 600 phvb8r
mktexpk --mfmode / --bdpi 600 --mag 0+480/600 --dpi 480 pcrr8r
mktexpk --mfmode / --bdpi 600 --mag 0+480/600 --dpi 480 phvb8r
mktexpk --mfmode / --bdpi 600 --mag 0+360/600 --dpi 360 ptmr8r
mktexpk --mfmode / --bdpi 600 --mag 0+480/600 --dpi 480 ptmr8r
mktexpk --mfmode / --bdpi 600 --mag 0+480/600 --dpi 480 phvr8r
mktexpk --mfmode / --bdpi 600 --mag 1+0/600 --dpi 600 phvr8r
mktexpk --mfmode / --bdpi 600 --mag 1+180/600 --dpi 780 phvr8r
mktexpk --mfmode / --bdpi 600 --mag 1+360/600 --dpi 960 phvb8r
mktexpk --mfmode / --bdpi 600 --mag 0+540/600 --dpi 540 phvb8r
mktexpk --mfmode / --bdpi 600 --mag 0+480/600 --dpi 480 phvro8r
mktexpk --mfmode / --bdpi 600 --mag 1+540/600 --dpi 1140 phvbo8r
mktexpk --mfmode / --bdpi 600 --mag 0+540/600 --dpi 540 ptmr8r
mktexpk --mfmode / --bdpi 600 --mag 0+540/600 --dpi 540 ptmri8r
mktexpk --mfmode / --bdpi 600 --mag 0+480/600 --dpi 480 ptmri8r
mktexpk --mfmode / --bdpi 600 --mag 0+480/600 --dpi 480 phvbo8r
mktexpk --mfmode / --bdpi 600 --mag 0+420/600 --dpi 420 phvr8r
mktexpk --mfmode / --bdpi 600 --mag 0+480/600 --dpi 480 ptmb8r
mktexpk --mfmode / --bdpi 600 --mag 1+0/600 --dpi 600 phvb8r
mktexpk --mfmode / --bdpi 600 --mag 0+480/600 --dpi 480 ptmr8r
mktexpk --mfmode / --bdpi 600 --mag 1+0/600 --dpi 600 phvr8r
mktexpk --mfmode / --bdpi 600 --mag 1+180/600 --dpi 780 phvr8r
mktexpk --mfmode / --bdpi 600 --mag 1+360/600 --dpi 960 phvb8r
mktexpk --mfmode / --bdpi 600 --mag 0+540/600 --dpi 540 phvb8r
mktexpk --mfmode / --bdpi 600 --mag 0+540/600 --dpi 540 ptmr8r
mktexpk --mfmode / --bdpi 600 --mag 0+420/600 --dpi 420 ptmb8r
mktexpk --mfmode / --bdpi 600 --mag 0+420/600 --dpi 420 ptmri8r
mktexpk --mfmode / --bdpi 600 --mag 0+540/600 --dpi 540 ptmb8r
mktexpk --mfmode / --bdpi 600 --mag 0+420/600 --dpi 420 ptmr8r
mktexpk --mfmode / --bdpi 600 --mag 0+480/600 --dpi 480 phvbo8r
mktexpk --mfmode / --bdpi 600 --mag 0+480/600 --dpi 480 ptmb8r
mktexpk --mfmode / --bdpi 600 --mag 0+480/600 --dpi 480 ptmri8r
mktexpk --mfmode / --bdpi 600 --mag 1+0/600 --dpi 600 ptmb8r
mktexpk --mfmode / --bdpi 600 --mag 0+420/600 --dpi 420 phvr8r
mktexpk --mfmode / --bdpi 600 --mag 0+540/600 --dpi 540 ptmri8r
mktexpk --mfmode / --bdpi 600 --mag 1+0/600 --dpi 600 phvb8r
mktexpk --mfmode / --bdpi 600 --mag 0+480/600 --dpi 480 pcrr8r
mktexpk --mfmode / --bdpi 600 --mag 0+480/600 --dpi 480 phvb8r
mktexpk --mfmode / --bdpi 600 --mag 0+360/600 --dpi 360 ptmr8r
mktexpk --mfmode / --bdpi 600 --mag 0+480/600 --dpi 480 ptmr8r
mktexpk --mfmode / --bdpi 600 --mag 0+480/600 --dpi 480 phvr8r
mktexpk --mfmode / --bdpi 600 --mag 1+0/600 --dpi 600 phvr8r
mktexpk --mfmode / --bdpi 600 --mag 1+180/600 --dpi 780 phvr8r
mktexpk --mfmode / --bdpi 600 --mag 1+360/600 --dpi 960 phvb8r
mktexpk --mfmode / --bdpi 600 --mag 0+540/600 --dpi 540 phvb8r
mktexpk --mfmode / --bdpi 600 --mag 0+480/600 --dpi 480 phvro8r
mktexpk --mfmode / --bdpi 600 --mag 1+540/600 --dpi 1140 phvbo8r
mktexpk --mfmode / --bdpi 600 --mag 0+540/600 --dpi 540 ptmr8r
mktexpk --mfmode / --bdpi 600 --mag 0+420/600 --dpi 420 ptmb8r
mktexpk --mfmode / --bdpi 600 --mag 0+420/600 --dpi 420 ptmri8r
mktexpk --mfmode / --bdpi 600 --mag 0+540/600 --dpi 540 ptmb8r
mktexpk --mfmode / --bdpi 600 --mag 0+420/600 --dpi 420 ptmr8r
mktexpk --mfmode / --bdpi 600 --mag 0+480/600 --dpi 480 phvbo8r
mktexpk --mfmode / --bdpi 600 --mag 0+480/600 --dpi 480 ptmb8r
mktexpk --mfmode / --bdpi 600 --mag 0+480/600 --dpi 480 ptmri8r
mktexpk --mfmode / --bdpi 600 --mag 1+0/600 --dpi 600 ptmb8r
mktexpk --mfmode / --bdpi 600 --mag 0+420/600 --dpi 420 phvr8r
mktexpk --mfmode / --bdpi 600 --mag 0+540/600 --dpi 540 ptmri8r
mktexpk --mfmode / --bdpi 600 --mag 1+0/600 --dpi 600 phvb8r
mktexpk --mfmode / --bdpi 600 --mag 0+480/600 --dpi 480 pcrr8r
mktexpk --mfmode / --bdpi 600 --mag 0+480/600 --dpi 480 phvb8r
mktexpk --mfmode / --bdpi 600 --mag 0+360/600 --dpi 360 ptmr8r
mktexpk --mfmode / --bdpi 600 --mag 0+480/600 --dpi 480 ptmr8r
mktexpk --mfmode / --bdpi 600 --mag 0+480/600 --dpi 480 phvr8r
mktexpk --mfmode / --bdpi 600 --mag 1+0/600 --dpi 600 phvr8r
mktexpk --mfmode / --bdpi 600 --mag 1+180/600 --dpi 780 phvr8r
mktexpk --mfmode / --bdpi 600 --mag 1+360/600 --dpi 960 phvb8r
mktexpk --mfmode / --bdpi 600 --mag 0+540/600 --dpi 540 phvb8r
mktexpk --mfmode / --bdpi 600 --mag 0+480/600 --dpi 480 phvro8r
mktexpk --mfmode / --bdpi 600 --mag 1+540/600 --dpi 1140 phvbo8r
mktexpk --mfmode / --bdpi 600 --mag 0+540/600 --dpi 540 ptmr8r
mktexpk --mfmode / --bdpi 600 --mag 0+420/600 --dpi 420 ptmb8r
mktexpk --mfmode / --bdpi 600 --mag 0+420/600 --dpi 420 ptmri8r
mktexpk --mfmode / --bdpi 600 --mag 0+540/600 --dpi 540 ptmb8r
mktexpk --mfmode / --bdpi 600 --mag 0+420/600 --dpi 420 ptmr8r
mktexpk --mfmode / --bdpi 600 --mag 0+480/600 --dpi 480 phvbo8r
mktexpk --mfmode / --bdpi 600 --mag 0+480/600 --dpi 480 ptmb8r
mktexpk --mfmode / --bdpi 600 --mag 0+480/600 --dpi 480 ptmri8r
mktexpk --mfmode / --bdpi 600 --mag 1+0/600 --dpi 600 ptmb8r
mktexpk --mfmode / --bdpi 600 --mag 0+420/600 --dpi 420 phvr8r
mktexpk --mfmode / --bdpi 600 --mag 0+540/600 --dpi 540 ptmri8r
mktexpk --mfmode / --bdpi 600 --mag 1+0/600 --dpi 600 phvb8r
mktexpk --mfmode / --bdpi 600 --mag 0+480/600 --dpi 480 pcrr8r
mktexpk --mfmode / --bdpi 600 --mag 0+480/600 --dpi 480 phvb8r
mktexpk --mfmode / --bdpi 600 --mag 0+360/600 --dpi 360 ptmr8r
mktexpk --mfmode / --bdpi 600 --mag 0+480/600 --dpi 480 ptmr8r
mktexpk --mfmode / --bdpi 600 --mag 0+480/600 --dpi 480 phvr8r
mktexpk --mfmode / --bdpi 600 --mag 1+0/600 --dpi 600 phvr8r
mktexpk --mfmode / --bdpi 600 --mag 1+180/600 --dpi 780 phvr8r
mktexpk --mfmode / --bdpi 600 --mag 1+360/600 --dpi 960 phvb8r
mktexpk --mfmode / --bdpi 600 --mag 0+540/600 --dpi 540 phvb8r
mktexpk --mfmode / --bdpi 600 --mag 0+480/600 --dpi 480 phvro8r
mktexpk --mfmode / --bdpi 600 --mag 1+540/600 --dpi 1140 phvbo8r
mktexpk --mfmode / --bdpi 600 --mag 0+540/600 --dpi 540 ptmr8r
mktexpk --mfmode / --bdpi 600 --mag 0+420/600 --dpi 420 ptmb8r
mktexpk --mfmode / --bdpi 600 --mag 0+420/600 --dpi 420 ptmri8r
mktexpk --mfmode / --bdpi 600 --mag 0+540/600 --dpi 540 ptmb8r
mktexpk --mfmode / --bdpi 600 --mag 0+420/600 --dpi 420 ptmr8r
mktexpk --mfmode / --bdpi 600 --mag 0+480/600 --dpi 480 phvbo8r
mktexpk --mfmode / --bdpi 600 --mag 0+480/600 --dpi 480 ptmb8r
mktexpk --mfmode / --bdpi 600 --mag 0+480/600 --dpi 480 ptmri8r
mktexpk --mfmode / --bdpi 600 --mag 1+0/600 --dpi 600 ptmb8r
mktexpk --mfmode / --bdpi 600 --mag 0+420/600 --dpi 420 phvr8r
mktexpk --mfmode / --bdpi 600 --mag 0+540/600 --dpi 540 ptmri8r
mktexpk --mfmode / --bdpi 600 --mag 1+0/600 --dpi 600 phvb8r
mktexpk --mfmode / --bdpi 600 --mag 0+480/600 --dpi 480 pcrr8r
mktexpk --mfmode / --bdpi 600 --mag 0+480/600 --dpi 480 phvb8r
mktexpk --mfmode / --bdpi 600 --mag 0+480/600 --dpi 480 ptmr8r
mktexpk --mfmode / --bdpi 600 --mag 0+480/600 --dpi 480 phvr8r
mktexpk --mfmode / --bdpi 600 --mag 1+0/600 --dpi 600 phvr8r
mktexpk --mfmode / --bdpi 600 --mag 1+180/600 --dpi 780 phvr8r
mktexpk --mfmode / --bdpi 600 --mag 1+360/600 --dpi 960 phvb8r
mktexpk --mfmode / --bdpi 600 --mag 0+540/600 --dpi 540 phvb8r
mktexpk --mfmode / --bdpi 600 --mag 0+480/600 --dpi 480 phvro8r
mktexpk --mfmode / --bdpi 600 --mag 1+540/600 --dpi 1140 phvbo8r
mktexpk --mfmode / --bdpi 600 --mag 0+540/600 --dpi 540 ptmr8r
mktexpk --mfmode / --bdpi 600 --mag 0+420/600 --dpi 420 ptmb8r
mktexpk --mfmode / --bdpi 600 --mag 0+420/600 --dpi 420 ptmri8r
mktexpk --mfmode / --bdpi 600 --mag 0+540/600 --dpi 540 ptmb8r
mktexpk --mfmode / --bdpi 600 --mag 0+420/600 --dpi 420 ptmr8r
mktexpk --mfmode / --bdpi 600 --mag 0+480/600 --dpi 480 phvbo8r
mktexpk --mfmode / --bdpi 600 --mag 0+480/600 --dpi 480 ptmb8r
mktexpk --mfmode / --bdpi 600 --mag 0+480/600 --dpi 480 ptmri8r
mktexpk --mfmode / --bdpi 600 --mag 1+0/600 --dpi 600 ptmb8r
mktexpk --mfmode / --bdpi 600 --mag 0+420/600 --dpi 420 phvr8r
mktexpk --mfmode / --bdpi 600 --mag 0+540/600 --dpi 540 ptmri8r
mktexpk --mfmode / --bdpi 600 --mag 1+0/600 --dpi 600 phvb8r
mktexpk --mfmode / --bdpi 600 --mag 0+480/600 --dpi 480 pcrr8r
mktexpk --mfmode / --bdpi 600 --mag 0+480/600 --dpi 480 phvb8r
mktexpk --mfmode / --bdpi 600 --mag 0+480/600 --dpi 480 ptmr8r
mktexpk --mfmode / --bdpi 600 --mag 0+480/600 --dpi 480 phvr8r
mktexpk --mfmode / --bdpi 600 --mag 1+0/600 --dpi 600 phvr8r
mktexpk --mfmode / --bdpi 600 --mag 1+180/600 --dpi 780 phvr8r
mktexpk --mfmode / --bdpi 600 --mag 1+360/600 --dpi 960 phvb8r
mktexpk --mfmode / --bdpi 600 --mag 0+540/600 --dpi 540 phvb8r
mktexpk --mfmode / --bdpi 600 --mag 0+480/600 --dpi 480 phvro8r
mktexpk --mfmode / --bdpi 600 --mag 1+540/600 --dpi 1140 phvbo8r
mktexpk --mfmode / --bdpi 600 --mag 0+540/600 --dpi 540 ptmr8r
mktexpk --mfmode / --bdpi 600 --mag 0+420/600 --dpi 420 ptmb8r
mktexpk --mfmode / --bdpi 600 --mag 0+420/600 --dpi 420 ptmri8r
mktexpk --mfmode / --bdpi 600 --mag 0+540/600 --dpi 540 ptmb8r
mktexpk --mfmode / --bdpi 600 --mag 0+420/600 --dpi 420 ptmr8r
mktexpk --mfmode / --bdpi 600 --mag 0+480/600 --dpi 480 phvbo8r
mktexpk --mfmode / --bdpi 600 --mag 0+480/600 --dpi 480 ptmb8r
mktexpk --mfmode / --bdpi 600 --mag 0+480/600 --dpi 480 ptmri8r
mktexpk --mfmode / --bdpi 600 --mag 1+0/600 --dpi 600 ptmb8r
mktexpk --mfmode / --bdpi 600 --mag 0+420/600 --dpi 420 phvr8r
mktexpk --mfmode / --bdpi 600 --mag 0+540/600 --dpi 540 ptmri8r
mktexpk --mfmode / --bdpi 600 --mag 1+0/600 --dpi 600 phvb8r
mktexpk --mfmode / --bdpi 600 --mag 0+480/600 --dpi 480 pcrr8r
mktexpk --mfmode / --bdpi 600 --mag 0+480/600 --dpi 480 phvb8r
mktexpk --mfmode / --bdpi 600 --mag 0+480/600 --dpi 480 ptmr8r
mktexpk --mfmode / --bdpi 600 --mag 0+480/600 --dpi 480 phvr8r
mktexpk --mfmode / --bdpi 600 --mag 1+0/600 --dpi 600 phvr8r
mktexpk --mfmode / --bdpi 600 --mag 1+180/600 --dpi 780 phvr8r
mktexpk --mfmode / --bdpi 600 --mag 1+360/600 --dpi 960 phvb8r
mktexpk --mfmode / --bdpi 600 --mag 0+540/600 --dpi 540 phvb8r
mktexpk --mfmode / --bdpi 600 --mag 0+480/600 --dpi 480 phvro8r
mktexpk --mfmode / --bdpi 600 --mag 1+540/600 --dpi 1140 phvbo8r
mktexpk --mfmode / --bdpi 600 --mag 0+540/600 --dpi 540 ptmr8r
